cl : command line  warning D9035: option 'Gm' has been deprecated and will be removed in a future release
  Asteroids.cpp
  Generating Code...
  Skipping... (no relevant changes detected)
  main.cpp
Asteroid.obj : warning LNK4075: ignoring '/EDITANDCONTINUE' due to '/SAFESEH' specification
  Asteroids.vcxproj -> C:\Users\abuta\Documents\Github Projects\Games-Tech-Coursework\IN2026 Coursework Code\bin\Asteroids.exe
  ..\..\assets\asteroid.shape
  ..\..\assets\asteroid1_fs.png
  ..\..\assets\bullet.shape
  ..\..\assets\explosion_fs.png
  ..\..\assets\h.png
  ..\..\assets\heart1_fs.png
  ..\..\assets\heart2_fs.png
  ..\..\assets\heart3_fs.png
  ..\..\assets\heart5_fs.png
  ..\..\assets\heart_fs.png
  ..\..\assets\spaceship.shape
  ..\..\assets\spaceship_fs.png
  ..\..\assets\test.jpg
  ..\..\assets\test1.png
  ..\..\assets\thruster.shape
         15 file(s) copied.
